Makefile
bregexp.h
bregonig.h
bregonig.cpp
subst.cpp
bsplit.cpp
btrans.cpp
sv.h
sv.cpp
version.h
dbgtrace.h
mem_vc6.h
afxres.h
resource.h
bregonig.rc
sample\bregpool.h
sample\sample.c
sample\sample_bosubst.cpp
sample\sample_match.cpp
sample\sample_split.cpp
sample\sample_subst.cpp
sample\sample_trans.cpp
python\bregonig.py
python\BregPool.py
python\sample_bomatch.py
python\sample_bosubst.py
python\sample_bosubst_utf8.py
python\sample_match.py
python\sample_match_utf16.py
python\sample_split.py
python\sample_subst.py
python\sample_trans.py
python\test_common.py
python\test_crnl.py
python\test_match.py
python\test_subst.py
bregonig.lib
k2regexp.lib
